============================================================
                        SERVER
============================================================
num clients:                  1
TCP port:                     1234
IB port:                      1
max outstanding CQEs:         16
max send work requests:       1024
max receive work requests:    1024
============================================================
1 device(s) found
Selected device: ibp86s0
num_cores: 112
physical cores per socket: 28
hyperthreading enabled
interleaved policy
pairing: 315 -- 316
[STATUS]: pinned main thread to core 28
allocation size: 42949672960
[STATUS]: map huge page
allocated HUGEPAGE at 128950198075392 with buffer size 42949672960
[STATUS]: register memory and distribute access token
[STATUS]: connect QPs of compute threads
pairing: 317 -- 318
pairing: 319 -- 320
pairing: 321 -- 322
pairing: 323 -- 324
[STATUS]: idle: index construction
[STATUS]: storing index (52928 Bytes) to dump/index_m32_efc200_node1_of1.dat
[STATUS]: cache warmup
[STATUS]: idle: queries
Receive request failed
